[debug] [2022-03-25T03:08:24.771Z] ----------------------------------------------------------------------
[debug] [2022-03-25T03:08:24.773Z] Command:       C:\Program Files\nodejs\node.exe C:\Users\hadan\AppData\Roaming\npm\node_modules\firebase-tools\lib\bin\firebase.js init hosting
[debug] [2022-03-25T03:08:24.774Z] CLI Version:   10.5.0
[debug] [2022-03-25T03:08:24.774Z] Platform:      win32
[debug] [2022-03-25T03:08:24.774Z] Node Version:  v16.13.2
[debug] [2022-03-25T03:08:24.775Z] Time:          Fri Mar 25 2022 10:08:24 GMT+0700 (Indochina Time)
[debug] [2022-03-25T03:08:24.776Z] ----------------------------------------------------------------------
[debug] 
[debug] [2022-03-25T03:08:24.793Z] > command requires scopes: ["email","openid","https://www.googleapis.com/auth/cloudplatformprojects.readonly","https://www.googleapis.com/auth/firebase","https://www.googleapis.com/auth/cloud-platform"]
[debug] [2022-03-25T03:08:24.794Z] > authorizing via signed-in user (hada.nguyen309@gmail.com)
[info] 
     ######## #### ########  ######## ########     ###     ######  ########
     ##        ##  ##     ## ##       ##     ##  ##   ##  ##       ##
     ######    ##  ########  ######   ########  #########  ######  ######
     ##        ##  ##    ##  ##       ##     ## ##     ##       ## ##
     ##       #### ##     ## ######## ########  ##     ##  ######  ########

You're about to initialize a Firebase project in this directory:

  C:\Users\hadan\Documents\UIT\Phat_Trien_Ung_Dung_Tren_Thiet_Bi_Di_Dong\TH\Do_An_CK\server

[info] 
=== Project Setup
[info] 
[info] First, let's associate this project directory with a Firebase project.
[info] You can create multiple project aliases by running firebase use --add, 
[info] but for now we'll just set up a default project.
[info] 
[debug] [2022-03-25T03:09:47.509Z] >>> [apiv2][query] GET https://firebase.googleapis.com/v1beta1/projects pageSize=100
[debug] [2022-03-25T03:09:48.168Z] <<< [apiv2][status] GET https://firebase.googleapis.com/v1beta1/projects 200
[debug] [2022-03-25T03:09:48.168Z] <<< [apiv2][body] GET https://firebase.googleapis.com/v1beta1/projects [omitted]
[info] i  Using project nt118-m21-nhom16 (NT118-M21-Nhom16) 
[info] 
=== Hosting Setup
[info] 
[info] Your public directory is the folder (relative to your project directory) that
[info] will contain Hosting assets to be uploaded with firebase deploy. If you
[info] have a build process for your assets, use your build's output directory.
[info] 
